# JRE version: Java(TM) SE Runtime Environment (8.0_221-b11) (build 1.8.0_221-b11)
# Java VM: Java HotSpot(TM) 64-Bit Server VM (25.221-b11 mixed mode windows-amd64 compressed oops)
Heap:
 PSYoungGen      total 191488K, used 46991K [0x00000000d5580000, 0x00000000e3f00000, 0x0000000100000000)
  eden space 179200K, 19% used [0x00000000d5580000,0x00000000d776a6b0,0x00000000e0480000)
  from space 12288K, 99% used [0x00000000e0480000,0x00000000e1079768,0x00000000e1080000)
  to   space 9728K, 0% used [0x00000000e1080000,0x00000000e1080000,0x00000000e1a00000)
 ParOldGen       total 83968K, used 27686K [0x0000000080000000, 0x0000000085200000, 0x00000000d5580000)
  object space 83968K, 32% used [0x0000000080000000,0x0000000081b09990,0x0000000085200000)
 Metaspace       used 54272K, capacity 56440K, committed 56664K, reserved 1097728K
  class space    used 7421K, capacity 7806K, committed 7808K, reserved 1048576K
GC Heap History (10 events):
Event: 9.117 GC heap before
{Heap before GC invocations=7 (full 1):
 PSYoungGen      total 71680K, used 66560K [0x00000000d5580000, 0x00000000de780000, 0x0000000100000000)
  eden space 66560K, 100% used [0x00000000d5580000,0x00000000d9680000,0x00000000d9680000)
  from space 5120K, 0% used [0x00000000d9680000,0x00000000d9680000,0x00000000d9b80000)
  to   space 8192K, 0% used [0x00000000ddf80000,0x00000000ddf80000,0x00000000de780000)
 ParOldGen       total 54272K, used 6772K [0x0000000080000000, 0x0000000083500000, 0x00000000d5580000)
  object space 54272K, 12% used [0x0000000080000000,0x000000008069d170,0x0000000083500000)
 Metaspace       used 25676K, capacity 26470K, committed 26624K, reserved 1073152K
  class space    used 3300K, capacity 3483K, committed 3584K, reserved 1048576K
Event: 9.152 GC heap after
Heap after GC invocations=7 (full 1):
 PSYoungGen      total 115712K, used 7029K [0x00000000d5580000, 0x00000000de680000, 0x0000000100000000)
  eden space 108544K, 0% used [0x00000000d5580000,0x00000000d5580000,0x00000000dbf80000)
  from space 7168K, 98% used [0x00000000ddf80000,0x00000000de65d498,0x00000000de680000)
  to   space 8192K, 0% used [0x00000000dd680000,0x00000000dd680000,0x00000000dde80000)
 ParOldGen       total 54272K, used 6772K [0x0000000080000000, 0x0000000083500000, 0x00000000d5580000)
  object space 54272K, 12% used [0x0000000080000000,0x000000008069d170,0x0000000083500000)
 Metaspace       used 25676K, capacity 26470K, committed 26624K, reserved 1073152K
  class space    used 3300K, capacity 3483K, committed 3584K, reserved 1048576K
}
Event: 11.086 GC heap before
{Heap before GC invocations=8 (full 1):
 PSYoungGen      total 115712K, used 115573K [0x00000000d5580000, 0x00000000de680000, 0x0000000100000000)
  eden space 108544K, 100% used [0x00000000d5580000,0x00000000dbf80000,0x00000000dbf80000)
  from space 7168K, 98% used [0x00000000ddf80000,0x00000000de65d498,0x00000000de680000)
  to   space 8192K, 0% used [0x00000000dd680000,0x00000000dd680000,0x00000000dde80000)
 ParOldGen       total 54272K, used 6772K [0x0000000080000000, 0x0000000083500000, 0x00000000d5580000)
  object space 54272K, 12% used [0x0000000080000000,0x000000008069d170,0x0000000083500000)
 Metaspace       used 28572K, capacity 29502K, committed 29824K, reserved 1075200K
  class space    used 3675K, capacity 3867K, committed 3968K, reserved 1048576K
Event: 11.207 GC heap after
Heap after GC invocations=8 (full 1):
 PSYoungGen      total 140288K, used 8183K [0x00000000d5580000, 0x00000000e1a00000, 0x0000000100000000)
  eden space 132096K, 0% used [0x00000000d5580000,0x00000000d5580000,0x00000000dd680000)
  from space 8192K, 99% used [0x00000000dd680000,0x00000000dde7dea8,0x00000000dde80000)
  to   space 9728K, 0% used [0x00000000e1080000,0x00000000e1080000,0x00000000e1a00000)
 ParOldGen       total 54272K, used 8408K [0x0000000080000000, 0x0000000083500000, 0x00000000d5580000)
  object space 54272K, 15% used [0x0000000080000000,0x0000000080836050,0x0000000083500000)
 Metaspace       used 28572K, capacity 29502K, committed 29824K, reserved 1075200K
  class space    used 3675K, capacity 3867K, committed 3968K, reserved 1048576K
}
Event: 15.478 GC heap before
{Heap before GC invocations=9 (full 1):
 PSYoungGen      total 140288K, used 116445K [0x00000000d5580000, 0x00000000e1a00000, 0x0000000100000000)
  eden space 132096K, 81% used [0x00000000d5580000,0x00000000dbf39938,0x00000000dd680000)
  from space 8192K, 99% used [0x00000000dd680000,0x00000000dde7dea8,0x00000000dde80000)
  to   space 9728K, 0% used [0x00000000e1080000,0x00000000e1080000,0x00000000e1a00000)
 ParOldGen       total 54272K, used 8408K [0x0000000080000000, 0x0000000083500000, 0x00000000d5580000)
  object space 54272K, 15% used [0x0000000080000000,0x0000000080836050,0x0000000083500000)
 Metaspace       used 34001K, capacity 35356K, committed 35416K, reserved 1079296K
  class space    used 4398K, capacity 4692K, committed 4736K, reserved 1048576K
Event: 15.509 GC heap after
Heap after GC invocations=9 (full 1):
 PSYoungGen      total 188928K, used 9717K [0x00000000d5580000, 0x00000000e3f00000, 0x0000000100000000)
  eden space 179200K, 0% used [0x00000000d5580000,0x00000000d5580000,0x00000000e0480000)
  from space 9728K, 99% used [0x00000000e1080000,0x00000000e19fd590,0x00000000e1a00000)
  to   space 12288K, 0% used [0x00000000e0480000,0x00000000e0480000,0x00000000e1080000)
 ParOldGen       total 54272K, used 12142K [0x0000000080000000, 0x0000000083500000, 0x00000000d5580000)
  object space 54272K, 22% used [0x0000000080000000,0x0000000080bdbbf8,0x0000000083500000)
 Metaspace       used 34001K, capacity 35356K, committed 35416K, reserved 1079296K
  class space    used 4398K, capacity 4692K, committed 4736K, reserved 1048576K
}
Event: 15.509 GC heap before
{Heap before GC invocations=10 (full 2):
 PSYoungGen      total 188928K, used 9717K [0x00000000d5580000, 0x00000000e3f00000, 0x0000000100000000)
  eden space 179200K, 0% used [0x00000000d5580000,0x00000000d5580000,0x00000000e0480000)
  from space 9728K, 99% used [0x00000000e1080000,0x00000000e19fd590,0x00000000e1a00000)
  to   space 12288K, 0% used [0x00000000e0480000,0x00000000e0480000,0x00000000e1080000)
 ParOldGen       total 54272K, used 12142K [0x0000000080000000, 0x0000000083500000, 0x00000000d5580000)
  object space 54272K, 22% used [0x0000000080000000,0x0000000080bdbbf8,0x0000000083500000)
 Metaspace       used 34001K, capacity 35356K, committed 35416K, reserved 1079296K
  class space    used 4398K, capacity 4692K, committed 4736K, reserved 1048576K
Event: 15.681 GC heap after
Heap after GC invocations=10 (full 2):
 PSYoungGen      total 188928K, used 0K [0x00000000d5580000, 0x00000000e3f00000, 0x0000000100000000)
  eden space 179200K, 0% used [0x00000000d5580000,0x00000000d5580000,0x00000000e0480000)
  from space 9728K, 0% used [0x00000000e1080000,0x00000000e1080000,0x00000000e1a00000)
  to   space 12288K, 0% used [0x00000000e0480000,0x00000000e0480000,0x00000000e1080000)
 ParOldGen       total 83968K, used 17957K [0x0000000080000000, 0x0000000085200000, 0x00000000d5580000)
  object space 83968K, 21% used [0x0000000080000000,0x0000000081189470,0x0000000085200000)
 Metaspace       used 34001K, capacity 35356K, committed 35416K, reserved 1079296K
  class space    used 4398K, capacity 4692K, committed 4736K, reserved 1048576K
}
Event: 29.898 GC heap before
{Heap before GC invocations=11 (full 2):
 PSYoungGen      total 188928K, used 179200K [0x00000000d5580000, 0x00000000e3f00000, 0x0000000100000000)
  eden space 179200K, 100% used [0x00000000d5580000,0x00000000e0480000,0x00000000e0480000)
  from space 9728K, 0% used [0x00000000e1080000,0x00000000e1080000,0x00000000e1a00000)
  to   space 12288K, 0% used [0x00000000e0480000,0x00000000e0480000,0x00000000e1080000)
 ParOldGen       total 83968K, used 17957K [0x0000000080000000, 0x0000000085200000, 0x00000000d5580000)
  object space 83968K, 21% used [0x0000000080000000,0x0000000081189470,0x0000000085200000)
 Metaspace       used 53059K, capacity 55098K, committed 55256K, reserved 1097728K
  class space    used 7284K, capacity 7657K, committed 7680K, reserved 1048576K
Event: 30.159 GC heap after
Heap after GC invocations=11 (full 2):
 PSYoungGen      total 191488K, used 12261K [0x00000000d5580000, 0x00000000e3f00000, 0x0000000100000000)
  eden space 179200K, 0% used [0x00000000d5580000,0x00000000d5580000,0x00000000e0480000)
  from space 12288K, 99% used [0x00000000e0480000,0x00000000e1079768,0x00000000e1080000)
  to   space 9728K, 0% used [0x00000000e1080000,0x00000000e1080000,0x00000000e1a00000)
 ParOldGen       total 83968K, used 27686K [0x0000000080000000, 0x0000000085200000, 0x00000000d5580000)
  object space 83968K, 32% used [0x0000000080000000,0x0000000081b09990,0x0000000085200000)
 Metaspace       used 53059K, capacity 55098K, committed 55256K, reserved 1097728K
  class space    used 7284K, capacity 7657K, committed 7680K, reserved 1048576K
}

